<?xml version="1.0" encoding="UTF-8"?>
<!-- Generated by org.testng.reporters.JUnitReportReporter -->
<testsuite hostname="Mandas-Air.bbrouter" failures="0" tests="11" name="TestScripts.exampleTestNGEnabled" time="0.007" errors="0" timestamp="2025-01-11T12:11:11 IST" skipped="0">
  <testcase classname="TestScripts.exampleTestNGEnabled" name="TestCase2" time="0.003"/>
  <system-out/>
  <testcase classname="TestScripts.exampleTestNGEnabled" name="TestCase3" time="0.001"/>
  <system-out/>
  <testcase classname="TestScripts.exampleTestNGEnabled" name="TestCase3" time="0.000"/>
  <system-out/>
  <testcase classname="TestScripts.exampleTestNGEnabled" name="TestCase3" time="0.001"/>
  <system-out/>
  <testcase classname="TestScripts.exampleTestNGEnabled" name="TestCase3" time="0.000"/>
  <system-out/>
  <testcase classname="TestScripts.exampleTestNGEnabled" name="TestCase3" time="0.000"/>
  <system-out/>
  <testcase classname="TestScripts.exampleTestNGEnabled" name="TestCase3" time="0.001"/>
  <system-out/>
  <testcase classname="TestScripts.exampleTestNGEnabled" name="TestCase3" time="0.000"/>
  <system-out/>
  <testcase classname="TestScripts.exampleTestNGEnabled" name="TestCase3" time="0.001"/>
  <system-out/>
  <testcase classname="TestScripts.exampleTestNGEnabled" name="TestCase3" time="0.000"/>
  <system-out/>
  <testcase classname="TestScripts.exampleTestNGEnabled" name="TestCase3" time="0.000"/>
  <system-out/>
</testsuite> <!-- TestScripts.exampleTestNGEnabled -->
