<?xml version="1.0" encoding="UTF-8"?>
<!-- Generated by org.testng.reporters.JUnitReportReporter -->
<testsuite hostname="Mandas-MacBook-Air.local" failures="0" tests="3" name="TestScripts.Example1" time="0.003" errors="0" timestamp="2024-12-29T11:36:58 IST" skipped="0">
  <testcase classname="TestScripts.Example1" name="SearchForProducts" time="0.002"/>
  <system-out/>
  <testcase classname="TestScripts.Example1" name="AddProductsToCart" time="0.001"/>
  <system-out/>
  <testcase classname="TestScripts.Example1" name="VerifyPayments" time="0.000"/>
  <system-out/>
</testsuite> <!-- TestScripts.Example1 -->
