<?xml version="1.0" encoding="UTF-8"?>
<!-- Generated by org.testng.reporters.JUnitReportReporter -->
<testsuite hostname="Mandas-Air.bbrouter" failures="0" tests="3" name="TestScripts.TestNGAnnotationsExampleProgram" time="0.002" errors="0" timestamp="2025-01-11T11:35:26 IST" skipped="0">
  <testcase classname="TestScripts.TestNGAnnotationsExampleProgram" name="TC01" time="0.001"/>
  <system-out/>
  <testcase classname="TestScripts.TestNGAnnotationsExampleProgram" name="TC02" time="0.001"/>
  <system-out/>
  <testcase classname="TestScripts.TestNGAnnotationsExampleProgram" name="TC03" time="0.000"/>
  <system-out/>
</testsuite> <!-- TestScripts.TestNGAnnotationsExampleProgram -->
