<?xml version="1.0" encoding="UTF-8"?>
<!-- Generated by org.testng.reporters.JUnitReportReporter -->
<testsuite hostname="Mandas-MacBook-Air.local" failures="0" tests="1" name="TestScripts.HandlingBrowserWindoows" time="101.844" errors="0" timestamp="2025-02-22T11:23:20 IST" skipped="0">
  <testcase classname="TestScripts.HandlingBrowserWindoows" name="HoldAndRelease" time="101.844"/>
  <system-out/>
</testsuite> <!-- TestScripts.HandlingBrowserWindoows -->
