<?xml version="1.0" encoding="UTF-8"?>
<!-- Generated by org.testng.reporters.JUnitReportReporter -->
<testsuite hostname="Mandas-Air.bbrouter" failures="0" tests="5" name="TestScripts.dependencyExample" time="0.005" errors="0" timestamp="2025-01-11T11:35:26 IST" skipped="0">
  <testcase classname="TestScripts.dependencyExample" name="TestCase2_AddToCart" time="0.001"/>
  <system-out/>
  <testcase classname="TestScripts.dependencyExample" name="TestCase5_forgotPassword" time="0.001"/>
  <system-out/>
  <testcase classname="TestScripts.dependencyExample" name="TestCase1_Login" time="0.003"/>
  <system-out/>
  <testcase classname="TestScripts.dependencyExample" name="TestCase3_SignUp" time="0.000"/>
  <system-out/>
  <testcase classname="TestScripts.dependencyExample" name="TestCase4_CancelOrders" time="0.000"/>
  <system-out/>
</testsuite> <!-- TestScripts.dependencyExample -->
