<?xml version="1.0" encoding="UTF-8"?>
<!-- Generated by org.testng.reporters.JUnitReportReporter -->
<testsuite hostname="DESKTOP-EQ55Q8H" failures="0" tests="2" name="TestScripts.DataProvider" time="0.017" errors="0" timestamp="2025-03-14T21:14:42 IST" skipped="0">
  <testcase classname="TestScripts.DataProvider" name="myTest" time="0.010"/>
  <system-out/>
  <testcase classname="TestScripts.DataProvider" name="myTest" time="0.007"/>
  <system-out/>
</testsuite> <!-- TestScripts.DataProvider -->
