<?xml version="1.0" encoding="UTF-8"?>
<!-- Generated by org.testng.reporters.JUnitReportReporter -->
<testsuite hostname="Mandas-MacBook-Air.local" failures="0" tests="1" name="TestScripts.RobotClass_keyBoardOperations" time="41.074" errors="0" timestamp="2025-02-15T09:32:53 IST" skipped="0">
  <testcase classname="TestScripts.RobotClass_keyBoardOperations" name="TC01KeyBoardActions" time="41.074"/>
  <system-out/>
</testsuite> <!-- TestScripts.RobotClass_keyBoardOperations -->
