<?xml version="1.0" encoding="UTF-8"?>
<!-- Generated by org.testng.reporters.JUnitReportReporter -->
<testsuite hostname="Mandas-Air.bbrouter" failures="0" tests="4" name="TestScripts.ExampletoExecuteTestcaseMultipleTimes" time="219.228" errors="0" timestamp="2025-01-11T11:35:26 IST" skipped="1">
  <testcase classname="TestScripts.ExampletoExecuteTestcaseMultipleTimes" name="TC_01_ValidateSignUpFunctionality" time="72.198"/>
  <system-out/>
  <testcase classname="TestScripts.ExampletoExecuteTestcaseMultipleTimes" name="TC_01_ValidateSignUpFunctionality" time="80.261"/>
  <system-out/>
  <testcase classname="TestScripts.ExampletoExecuteTestcaseMultipleTimes" name="TC_01_ValidateSignUpFunctionality" time="66.769"/>
  <system-out/>
  <testcase classname="TestScripts.ExampletoExecuteTestcaseMultipleTimes" name="TC_02_verifyLoginZfunctionality">
    <skipped/>
  </testcase> <!-- TC_02_verifyLoginZfunctionality -->
  <system-out/>
</testsuite> <!-- TestScripts.ExampletoExecuteTestcaseMultipleTimes -->
