<?xml version="1.0" encoding="UTF-8"?>
<!-- Generated by org.testng.reporters.JUnitReportReporter -->
<testsuite hostname="Mandas-Air.bbrouter" failures="0" tests="4" name="TestScripts.PriorityExample" time="0.006" errors="0" timestamp="2025-01-11T11:35:26 IST" skipped="0">
  <testcase classname="TestScripts.PriorityExample" name="SearchForProducts" time="0.002"/>
  <system-out/>
  <testcase classname="TestScripts.PriorityExample" name="AddProductsToCart" time="0.001"/>
  <system-out/>
  <testcase classname="TestScripts.PriorityExample" name="VerifyPayments" time="0.002"/>
  <system-out/>
  <testcase classname="TestScripts.PriorityExample" name="KerifyPaymentCC" time="0.001"/>
  <system-out/>
</testsuite> <!-- TestScripts.PriorityExample -->
