<?xml version="1.0" encoding="UTF-8"?>
<!-- Generated by org.testng.reporters.JUnitReportReporter -->
<testsuite hostname="DESKTOP-EQ55Q8H" failures="0" tests="2" name="TestScripts.DP" time="0.013" errors="0" timestamp="2025-03-14T21:12:40 IST" skipped="0">
  <testcase classname="TestScripts.DP" name="myTest" time="0.008"/>
  <system-out/>
  <testcase classname="TestScripts.DP" name="myTest" time="0.005"/>
  <system-out/>
</testsuite> <!-- TestScripts.DP -->
