<?xml version="1.0" encoding="UTF-8"?>
<!-- Generated by org.testng.reporters.JUnitReportReporter -->
<testsuite hostname="DESKTOP-EQ55Q8H" failures="0" tests="1" name="Utitlities.readExcelDataToMap" time="0.794" errors="0" timestamp="2025-03-17T23:51:38 IST" skipped="0">
  <testcase classname="Utitlities.readExcelDataToMap" name="geekforgeeks" time="0.794"/>
  <system-out/>
</testsuite> <!-- Utitlities.readExcelDataToMap -->
