<?xml version="1.0" encoding="UTF-8"?>
<!-- Generated by org.testng.reporters.JUnitReportReporter -->
<testsuite hostname="Mandas-Air.bbrouter" failures="0" tests="3" name="TestScripts.TestNGSample" time="0.009" errors="0" timestamp="2025-01-11T11:35:26 IST" skipped="0">
  <testcase classname="TestScripts.TestNGSample" name="TC1" time="0.006"/>
  <system-out/>
  <testcase classname="TestScripts.TestNGSample" name="TC3" time="0.003"/>
  <system-out/>
  <testcase classname="TestScripts.TestNGSample" name="TC2" time="0.000"/>
  <system-out/>
</testsuite> <!-- TestScripts.TestNGSample -->
