<?xml version="1.0" encoding="UTF-8"?>
<!-- Generated by org.testng.reporters.JUnitReportReporter -->
<testsuite hostname="Mandas-MacBook-Air.local" failures="0" tests="1" name="TestScripts.facebookExample" time="31.532" errors="0" timestamp="2025-02-01T14:29:54 IST" skipped="0">
  <testcase classname="TestScripts.facebookExample" name="TC_03_ValidateSignUpFunctionality" time="31.532"/>
  <system-out/>
</testsuite> <!-- TestScripts.facebookExample -->
